This is pdfeTeX, Version 3.141592-1.21a-2.2 (Web2C 7.5.4) (format=pdflatex 2005.3.15)  25 OCT 2006 20:09
entering extended mode
**recogbase
(./recogbase.tex
LaTeX2e <2003/12/01>
Babel <v3.8d> and hyphenation patterns for american, french, german, ngerman, b
ahasa, basque, bulgarian, catalan, croatian, czech, danish, dutch, esperanto, e
stonian, finnish, greek, icelandic, irish, italian, latin, magyar, norsk, polis
h, portuges, romanian, russian, serbian, slovak, slovene, spanish, swedish, tur
kish, ukrainian, nohyphenation, loaded.
(/usr/local/teTeX3/share/texmf-dist/tex/latex/base/report.cls
Document Class: report 2004/02/16 v1.4f Standard LaTeX document class
(/usr/local/teTeX3/share/texmf-dist/tex/latex/base/size11.clo
File: size11.clo 2004/02/16 v1.4f Standard LaTeX file (size option)
)
\c@part=\count79
\c@chapter=\count80
\c@section=\count81
\c@subsection=\count82
\c@subsubsection=\count83
\c@paragraph=\count84
\c@subparagraph=\count85
\c@figure=\count86
\c@table=\count87
\abovecaptionskip=\skip41
\belowcaptionskip=\skip42
\bibindent=\dimen102
)
(/usr/local/teTeX3/share/texmf-dist/tex/latex/a4wide/a4wide.sty
Package: a4wide 1994/08/30

(/usr/local/teTeX3/share/texmf-dist/tex/latex/ntgclass/a4.sty
Package: a4 2004/04/15 v1.2g A4 based page layout
))
(/usr/local/teTeX3/share/texmf-dist/tex/latex/amsfonts/amssymb.sty
Package: amssymb 2002/01/22 v2.2d

(/usr/local/teTeX3/share/texmf-dist/tex/latex/amsfonts/amsfonts.sty
Package: amsfonts 2001/10/25 v2.2f
\@emptytoks=\toks14
\symAMSa=\mathgroup4
\symAMSb=\mathgroup5
LaTeX Font Info:    Overwriting math alphabet `\mathfrak' in version `bold'
(Font)                  U/euf/m/n --> U/euf/b/n on input line 132.
))
(/usr/local/teTeX3/share/texmf-dist/tex/latex/base/inputenc.sty
Package: inputenc 2004/02/05 v1.0d Input encoding file

(/usr/local/teTeX3/share/texmf-dist/tex/latex/base/latin1.def
File: latin1.def 2004/02/05 v1.0d Input encoding file
))
(/usr/local/teTeX3/share/texmf-dist/tex/latex/base/makeidx.sty
Package: makeidx 2000/03/29 v1.0m Standard LaTeX package
)
\@indexfile=\write3
\openout3 = `recogbase.idx'.


Writing index file recogbase.idx
(/usr/local/teTeX3/share/texmf-dist/tex/latex/graphics/color.sty
Package: color 1999/02/16 v1.0i Standard LaTeX Color (DPC)

(/usr/local/teTeX3/share/texmf-dist/tex/latex/graphics/color.cfg
File: color.cfg 2005/02/03 v1.3 color configuration of teTeX/TeXLive
)
Package color Info: Driver file: pdftex.def on input line 125.

(/usr/local/teTeX3/share/texmf-dist/tex/latex/graphics/pdftex.def
File: pdftex.def 2002/06/19 v0.03k graphics/color for pdftex
\Gread@gobject=\count88
))
(/usr/local/teTeX3/share/texmf-dist/tex/latex/fancyvrb/fancyvrb.sty
Package: fancyvrb 1998/07/17

Style option: `fancyvrb' v2.6, with DG/SPQR fixes <1998/07/17> (tvz)
(/usr/local/teTeX3/share/texmf-dist/tex/latex/graphics/keyval.sty
Package: keyval 1999/03/16 v1.13 key=value parser (DPC)
\KV@toks@=\toks15
)
\FV@CodeLineNo=\count89
\FV@InFile=\read1
\FV@TabBox=\box26
\c@FancyVerbLine=\count90
\FV@StepNumber=\count91
\FV@OutFile=\write4

No file fancyvrb.cfg.
) (/usr/local/teTeX3/share/texmf-dist/tex/latex/pslatex/pslatex.sty
Package: pslatex 1996/07/24 v1.2 pslatex emulation (DPC)
LaTeX Font Info:    Redeclaring symbol font `operators' on input line 65.
LaTeX Font Info:    Overwriting symbol font `operators' in version `normal'
(Font)                  OT1/cmr/m/n --> OT1/ptmcm/m/n on input line 65.
LaTeX Font Info:    Overwriting symbol font `operators' in version `bold'
(Font)                  OT1/cmr/bx/n --> OT1/ptmcm/m/n on input line 65.
LaTeX Font Info:    Redeclaring symbol font `letters' on input line 66.
LaTeX Font Info:    Overwriting symbol font `letters' in version `normal'
(Font)                  OML/cmm/m/it --> OML/ptmcm/m/it on input line 66.
LaTeX Font Info:    Overwriting symbol font `letters' in version `bold'
(Font)                  OML/cmm/b/it --> OML/ptmcm/m/it on input line 66.
LaTeX Font Info:    Redeclaring symbol font `symbols' on input line 67.
LaTeX Font Info:    Overwriting symbol font `symbols' in version `normal'
(Font)                  OMS/cmsy/m/n --> OMS/pzccm/m/n on input line 67.
LaTeX Font Info:    Overwriting symbol font `symbols' in version `bold'
(Font)                  OMS/cmsy/b/n --> OMS/pzccm/m/n on input line 67.
LaTeX Font Info:    Redeclaring symbol font `largesymbols' on input line 68.
LaTeX Font Info:    Overwriting symbol font `largesymbols' in version `normal'
(Font)                  OMX/cmex/m/n --> OMX/psycm/m/n on input line 68.
LaTeX Font Info:    Overwriting symbol font `largesymbols' in version `bold'
(Font)                  OMX/cmex/m/n --> OMX/psycm/m/n on input line 68.
\symbold=\mathgroup6
\symitalic=\mathgroup7
LaTeX Font Info:    Redeclaring math alphabet \mathbf on input line 74.
LaTeX Font Info:    Overwriting math alphabet `\mathbf' in version `normal'
(Font)                  OT1/cmr/bx/n --> OT1/ptm/bx/n on input line 74.
LaTeX Font Info:    Overwriting math alphabet `\mathbf' in version `bold'
(Font)                  OT1/cmr/bx/n --> OT1/ptm/bx/n on input line 74.
LaTeX Font Info:    Redeclaring math alphabet \mathit on input line 75.
LaTeX Font Info:    Overwriting math alphabet `\mathit' in version `normal'
(Font)                  OT1/cmr/m/it --> OT1/ptm/m/it on input line 75.
LaTeX Font Info:    Overwriting math alphabet `\mathit' in version `bold'
(Font)                  OT1/cmr/bx/it --> OT1/ptm/m/it on input line 75.
)
(/usr/local/teTeX3/share/texmf-dist/tex/latex/hyperref/hyperref.sty
Package: hyperref 2003/11/30 v6.74m Hypertext links for LaTeX
\@linkdim=\dimen103
\Hy@linkcounter=\count92
\Hy@pagecounter=\count93

(/usr/local/teTeX3/share/texmf-dist/tex/latex/hyperref/pd1enc.def
File: pd1enc.def 2003/11/30 v6.74m Hyperref: PDFDocEncoding definition (HO)
)
(/usr/local/teTeX3/share/texmf-dist/tex/latex/hyperref/hyperref.cfg
File: hyperref.cfg 2002/06/06 v1.2 hyperref configuration of TeXLive and teTeX
)
Package hyperref Info: Option `bookmarks' set `false' on input line 1830.
Package hyperref Info: Option `colorlinks' set `true' on input line 1830.
Package hyperref Info: Option `breaklinks' set `true' on input line 1830.
Package hyperref Info: Hyper figures OFF on input line 1880.
Package hyperref Info: Link nesting OFF on input line 1885.
Package hyperref Info: Hyper index ON on input line 1888.
Package hyperref Info: Plain pages ON on input line 1893.
Package hyperref Info: Backreferencing ON on input line 1898.

Implicit mode ON; LaTeX internals redefined
Package hyperref Info: Bookmarks OFF on input line 2010.
(/usr/local/teTeX3/share/texmf-dist/tex/latex/hyperref/backref.sty
Package: backref 2003/03/20 v1.23 Bibliographical back referencing
)
(/usr/local/teTeX3/share/texmf-dist/tex/latex/url/url.sty
\Urlmuskip=\muskip10
Package: url 2004/03/15  ver 3.1  Verb mode for urls, etc.
)
LaTeX Info: Redefining \url on input line 2143.
\Fld@menulength=\count94
\Field@Width=\dimen104
\Fld@charsize=\dimen105
\Choice@toks=\toks16
\Field@toks=\toks17
Package hyperref Info: Hyper figures OFF on input line 2618.
Package hyperref Info: Link nesting OFF on input line 2623.
Package hyperref Info: Hyper index ON on input line 2626.
Package hyperref Info: backreferencing ON on input line 2631.
Package hyperref Info: Link coloring ON on input line 2636.
\c@Item=\count95
\c@Hfootnote=\count96
)
*hyperref using default driver hpdftex*
(/usr/local/teTeX3/share/texmf-dist/tex/latex/hyperref/hpdftex.def
File: hpdftex.def 2003/11/30 v6.74m Hyperref driver for pdfTeX

(/usr/local/teTeX3/share/texmf-dist/tex/latex/psnfss/pifont.sty
Package: pifont 2004/09/15 PSNFSS-v9.2 Pi font support (SPQR) 
LaTeX Font Info:    Try loading font information for U+pzd on input line 63.

(/usr/local/teTeX3/share/texmf-dist/tex/latex/psnfss/upzd.fd
File: upzd.fd 2001/06/04 font definitions for U/pzd.
)
LaTeX Font Info:    Try loading font information for U+psy on input line 64.

(/usr/local/teTeX3/share/texmf-dist/tex/latex/psnfss/upsy.fd
File: upsy.fd 2001/06/04 font definitions for U/psy.
))
\Fld@listcount=\count97
\@outlinefile=\write5
)
\pagenrlog=\write6
\openout6 = `recogbase.pnr'.

\backslashbox=\box27

(./recogbase.aux)
\openout1 = `recogbase.aux'.

LaTeX Font Info:    Checking defaults for OML/cmm/m/it on input line 51.
LaTeX Font Info:    ... okay on input line 51.
LaTeX Font Info:    Checking defaults for T1/cmr/m/n on input line 51.
LaTeX Font Info:    ... okay on input line 51.
LaTeX Font Info:    Checking defaults for OT1/cmr/m/n on input line 51.
LaTeX Font Info:    ... okay on input line 51.
LaTeX Font Info:    Checking defaults for OMS/pzccm/m/n on input line 51.
LaTeX Font Info:    Try loading font information for OMS+pzccm on input line 51
.

(/usr/local/teTeX3/share/texmf-dist/tex/latex/psnfss/omspzccm.fd
File: omspzccm.fd 2000/01/03 Fontinst v1.801 font definitions for OMS/pzccm.
)
LaTeX Font Info:    ... okay on input line 51.
LaTeX Font Info:    Checking defaults for OMX/cmex/m/n on input line 51.
LaTeX Font Info:    ... okay on input line 51.
LaTeX Font Info:    Checking defaults for U/cmr/m/n on input line 51.
LaTeX Font Info:    ... okay on input line 51.
LaTeX Font Info:    Checking defaults for PD1/pdf/m/n on input line 51.
LaTeX Font Info:    ... okay on input line 51.

(/usr/local/teTeX3/share/texmf-dist/tex/context/base/supp-pdf.tex
(/usr/local/teTeX3/share/texmf-dist/tex/context/base/supp-mis.tex
loading : Context Support Macros / Miscellaneous (2004.10.26)
\protectiondepth=\count98
\scratchcounter=\count99
\scratchtoks=\toks18
\scratchdimen=\dimen106
\scratchskip=\skip43
\scratchmuskip=\muskip11
\scratchbox=\box28
\scratchread=\read2
\scratchwrite=\write7
\zeropoint=\dimen107
\onepoint=\dimen108
\onebasepoint=\dimen109
\minusone=\count100
\thousandpoint=\dimen110
\onerealpoint=\dimen111
\emptytoks=\toks19
\nextbox=\box29
\nextdepth=\dimen112
\everyline=\toks20
\!!counta=\count101
\!!countb=\count102
\recursecounter=\count103
)
loading : Context Support Macros / PDF (2004.03.26)
\nofMPsegments=\count104
\nofMParguments=\count105
\MPscratchCnt=\count106
\MPscratchDim=\dimen113
\MPnumerator=\count107
\everyMPtoPDFconversion=\toks21
)
Package hyperref Info: Link coloring ON on input line 51.
 (/usr/local/teTeX3/share/texmf-dist/tex/latex/hyperref/nameref.sty
Package: nameref 2003/12/03 v2.21 Cross-referencing by name of section
\c@section@level=\count108
)
LaTeX Info: Redefining \ref on input line 51.
LaTeX Info: Redefining \pageref on input line 51.
LaTeX Font Info:    Font shape `OT1/ptm/bx/n' in size <24.88> not available
(Font)              Font shape `OT1/ptm/b/n' tried instead on input line 55.
LaTeX Font Info:    Font shape `OT1/phv/bx/n' in size <24.88> not available
(Font)              Font shape `OT1/phv/b/n' tried instead on input line 55.
LaTeX Font Info:    Font shape `OT1/phv/b/n' will be
(Font)              scaled to size 22.39185pt on input line 55.
LaTeX Font Info:    Font shape `OT1/ptm/bx/n' in size <14.4> not available
(Font)              Font shape `OT1/ptm/b/n' tried instead on input line 58.
LaTeX Font Info:    Font shape `OT1/ptm/bx/n' in size <12> not available
(Font)              Font shape `OT1/ptm/b/n' tried instead on input line 62.
LaTeX Font Info:    Font shape `OT1/ptm/bx/n' in size <10> not available
(Font)              Font shape `OT1/ptm/b/n' tried instead on input line 69.

Underfull \hbox (badness 10000) in paragraph at lines 67--82

 []

[1

{/usr/local/teTeX3/share/texmf-var/fonts/map/pdftex/updmap/pdftex.map}]
LaTeX Font Info:    Font shape `OMS/ptm/m/n' in size <10> not available
(Font)              Font shape `OMS/pzccm/m/n' tried instead on input line 88.

Underfull \hbox (badness 10000) in paragraph at lines 90--92

 []

LaTeX Font Info:    Font shape `OT1/phv/m/sl' will be
(Font)              scaled to size 7.19995pt on input line 92.
[2] (./recogbase.toc
LaTeX Font Info:    Font shape `OT1/ptm/bx/n' in size <10.95> not available
(Font)              Font shape `OT1/ptm/b/n' tried instead on input line 1.
LaTeX Font Info:    Try loading font information for OT1+ptmcm on input line 2.


(/usr/local/teTeX3/share/texmf-dist/tex/latex/psnfss/ot1ptmcm.fd
File: ot1ptmcm.fd 2000/01/03 Fontinst v1.801 font definitions for OT1/ptmcm.
)
LaTeX Font Info:    Try loading font information for OML+ptmcm on input line 2.


(/usr/local/teTeX3/share/texmf-dist/tex/latex/psnfss/omlptmcm.fd
File: omlptmcm.fd 2000/01/03 Fontinst v1.801 font definitions for OML/ptmcm.
)
LaTeX Font Info:    Try loading font information for OMX+psycm on input line 2.


(/usr/local/teTeX3/share/texmf-dist/tex/latex/psnfss/omxpsycm.fd
File: omxpsycm.fd 2000/01/03 Fontinst v1.801 font definitions for OMX/psycm.
)
LaTeX Font Info:    Try loading font information for U+msa on input line 2.

(/usr/local/teTeX3/share/texmf-dist/tex/latex/amsfonts/umsa.fd
File: umsa.fd 2002/01/19 v2.2g AMS font definitions
)
LaTeX Font Info:    Try loading font information for U+msb on input line 2.

(/usr/local/teTeX3/share/texmf-dist/tex/latex/amsfonts/umsb.fd
File: umsb.fd 2002/01/19 v2.2g AMS font definitions
)
LaTeX Font Info:    Font shape `OT1/ptm/bx/n' in size <8> not available
(Font)              Font shape `OT1/ptm/b/n' tried instead on input line 2.
LaTeX Font Info:    Font shape `OT1/ptm/bx/n' in size <6> not available
(Font)              Font shape `OT1/ptm/b/n' tried instead on input line 2.
LaTeX Font Info:    Font shape `OT1/phv/bx/n' in size <10.95> not available
(Font)              Font shape `OT1/phv/b/n' tried instead on input line 4.
LaTeX Font Info:    Font shape `OT1/phv/b/n' will be
(Font)              scaled to size 9.85492pt on input line 4.
 [3

])
\tf@toc=\write8
\openout8 = `recogbase.toc'.

 [4]
Chapter 1.
LaTeX Font Info:    Font shape `OT1/ptm/bx/n' in size <20.74> not available
(Font)              Font shape `OT1/ptm/b/n' tried instead on input line 100.
LaTeX Font Info:    Font shape `OT1/phv/m/n' will be
(Font)              scaled to size 9.85492pt on input line 116.
[5

]
Chapter 2.
[6

]
Chapter 3.
LaTeX Font Info:    Font shape `OT1/pcr/bx/n' in size <10.95> not available
(Font)              Font shape `OT1/pcr/b/n' tried instead on input line 181.
[7

] [8] [9]
Chapter 4.
[10

] [11] [12]
Underfull \hbox (badness 10000) in paragraph at lines 489--492

 []


Underfull \hbox (badness 10000) in paragraph at lines 503--506

 []


Underfull \hbox (badness 10000) in paragraph at lines 516--519

 []


Underfull \hbox (badness 10000) in paragraph at lines 530--533

 []


Underfull \hbox (badness 10000) in paragraph at lines 544--547

 []

[13]
Underfull \hbox (badness 10000) in paragraph at lines 557--560

 []


Underfull \hbox (badness 10000) in paragraph at lines 571--574

 []


Underfull \hbox (badness 10000) in paragraph at lines 585--588

 []


Underfull \hbox (badness 10000) in paragraph at lines 598--601

 []


Underfull \hbox (badness 10000) in paragraph at lines 618--622

 []

[14]
Underfull \hbox (badness 10000) in paragraph at lines 627--631

 []


Underfull \hbox (badness 10000) in paragraph at lines 640--643

 []


Underfull \hbox (badness 10000) in paragraph at lines 654--657

 []


Underfull \hbox (badness 10000) in paragraph at lines 668--671

 []


Underfull \hbox (badness 10000) in paragraph at lines 684--687

 []

[15]
Underfull \hbox (badness 10000) in paragraph at lines 699--702

 []


Underfull \hbox (badness 10000) in paragraph at lines 713--716

 []


Underfull \hbox (badness 10000) in paragraph at lines 729--732

 []


Underfull \hbox (badness 10000) in paragraph at lines 743--746

 []

[16]
Underfull \hbox (badness 10000) in paragraph at lines 759--762

 []


Underfull \hbox (badness 10000) in paragraph at lines 776--779

 []


Underfull \hbox (badness 10000) in paragraph at lines 789--792

 []


Underfull \hbox (badness 10000) in paragraph at lines 803--806

 []

[17]
Underfull \hbox (badness 10000) in paragraph at lines 837--840

 []


Underfull \hbox (badness 10000) in paragraph at lines 849--852

 []


Underfull \hbox (badness 10000) in paragraph at lines 871--874

 []

[18]
Underfull \hbox (badness 10000) in paragraph at lines 940--943

 []


Underfull \hbox (badness 10000) in paragraph at lines 955--958

 []

[19]
Underfull \hbox (badness 10000) in paragraph at lines 974--977

 []


Underfull \hbox (badness 10000) in paragraph at lines 1042--1045

 []

[20]
Underfull \hbox (badness 10000) in paragraph at lines 1055--1058

 []


Underfull \hbox (badness 10000) in paragraph at lines 1082--1085

 []


Underfull \hbox (badness 10000) in paragraph at lines 1104--1107

 []

[21] [22] [23] [24]
Chapter 5.
(./recogbase.bbl (./recogbase.brf)
\tf@brf=\write9
\openout9 = `recogbase.brf'.

 [25

] [26]

LaTeX Warning: Empty `thebibliography' environment on input line 3.

) (./recogbase.ind [27

] [28

]) (./recogbase.aux) ) 
Here is how much of TeX's memory you used:
 3719 strings out of 94500
 51578 string characters out of 1171713
 103518 words of memory out of 1000000
 6696 multiletter control sequences out of 10000+50000
 46471 words of font info for 90 fonts, out of 500000 for 2000
 580 hyphenation exceptions out of 1000
 27i,7n,27p,482b,306s stack positions out of 1500i,500n,5000p,200000b,5000s
PDF statistics:
 471 PDF objects out of 300000
 112 named destinations out of 131072
 17 words of extra memory for PDF output out of 65536
</usr/local/teTeX3/share/texmf-dist/fonts/type1/bluesky/c
m/cmr10.pfb></usr/local/teTeX3/share/texmf-dist/fonts/type1/bluesky/symbols/msa
m10.pfb>{/usr/local/teTeX3/share/texmf-dist/fonts/enc/dvips/psnfss/8r.enc}</usr
/local/teTeX3/share/texmf-dist/fonts/type1/urw/courier/ucrb8a.pfb></usr/local/t
eTeX3/share/texmf-dist/fonts/type1/urw/times/utmri8a.pfb></usr/local/teTeX3/sha
re/texmf-dist/fonts/type1/urw/helvetic/uhvr8a.pfb></usr/local/teTeX3/share/texm
f-dist/fonts/type1/bluesky/cm/cmsy10.pfb></usr/local/teTeX3/share/texmf-dist/fo
nts/type1/urw/helvetic/uhvro8a.pfb></usr/local/teTeX3/share/texmf-dist/fonts/ty
pe1/urw/times/utmr8a.pfb></usr/local/teTeX3/share/texmf-dist/fonts/type1/urw/co
urier/ucrr8a.pfb></usr/local/teTeX3/share/texmf-dist/fonts/type1/urw/times/utmr
8a.pfb></usr/local/teTeX3/share/texmf-dist/fonts/type1/urw/helvetic/uhvb8a.pfb>
</usr/local/teTeX3/share/texmf-dist/fonts/type1/urw/times/utmb8a.pfb>
Output written on recogbase.pdf (28 pages, 240570 bytes).
